0 0 1 0
3 0 1 0
6 0 1 0
9 0 1 0
12 0 1 0
15 0 1 0
18 0 1 0
21 0 1 0
24 0 1 0
27 0 1 0
30 0 1 0
33 0 1 0
36 0 1 0
39 0 1 0
42 0 1 0
45 0 1 0
48 0 1 0
51 0 1 0
54 0 1 0
57 0 1 0
60 0 1 0
63 0 1 0
66 0 1 0
69 0 1 0
72 0 1 0
75 0 1 0
78 0 1 0
81 0 1 0
84 0 1 0
87 0 1 0
90 0 1 0
93 0 1 0
96 0 1 0
99 0 1 0
102 0 1 0
105 0 1 0
108 0 1 0
111 0 1 0
114 0 1 0
117 0 1 0
120 0 1 0
123 0 1 0
126 0 1 0
129 0 1 0
132 0 1 0
135 0 1 0
138 0 1 0
141 0 1 0
144 0 1 0
147 0 1 0
150 0 1 0
153 0 1 0
156 0 1 0
159 0 1 0
162 0 1 0
165 0 1 0
168 0 1 0
171 0 1 0
174 0 1 0
177 0 1 0
180 0 1 0
183 0 1 0
186 0 1 0
189 0 1 0
192 0 1 0
195 0 1 0
198 0 1 0
201 0 1 0
204 0 0 1
204 3 0 1
204 6 -1 0
201 6 -1 0
198 6 -1 0
195 6 -1 0
192 6 -1 0
189 6 -1 0
186 6 -1 0
183 6 -1 0
180 6 -1 0
177 6 -1 0
174 6 -1 0
171 6 -1 0
168 6 -1 0
165 6 -1 0
162 6 -1 0
159 6 -1 0
156 6 -1 0
153 6 -1 0
150 6 -1 0
147 6 -1 0
144 6 -1 0
141 6 -1 0
138 6 -1 0
135 6 -1 0
132 6 -1 0
129 6 -1 0
126 6 -1 0
123 6 -1 0
120 6 -1 0
117 6 -1 0
114 6 -1 0
111 6 -1 0
108 6 -1 0
105 6 -1 0
102 6 -1 0
99 6 -1 0
96 6 -1 0
93 6 -1 0
90 6 -1 0
87 6 -1 0
84 6 -1 0
81 6 -1 0
78 6 -1 0
75 6 -1 0
72 6 -1 0
69 6 -1 0
66 6 -1 0
63 6 -1 0
60 6 -1 0
57 6 -1 0
54 6 -1 0
51 6 -1 0
48 6 -1 0
45 6 -1 0
42 6 -1 0
39 6 -1 0
36 6 -1 0
33 6 -1 0
30 6 -1 0
27 6 -1 0
24 6 -1 0
21 6 -1 0
18 6 -1 0
15 6 -1 0
12 6 -1 0
9 6 -1 0
6 6 -1 0
3 6 -1 0
0 6 0 1
0 9 0 1
0 12 1 0
3 12 1 0
6 12 1 0
9 12 1 0
12 12 1 0
15 12 1 0
18 12 1 0
21 12 1 0
24 12 1 0
27 12 1 0
30 12 1 0
33 12 1 0
36 12 1 0
39 12 1 0
42 12 1 0
45 12 1 0
48 12 1 0
51 12 1 0
54 12 1 0
57 12 1 0
60 12 1 0
63 12 1 0
66 12 1 0
69 12 1 0
72 12 1 0
75 12 1 0
78 12 1 0
81 12 1 0
84 12 1 0
87 12 1 0
90 12 1 0
93 12 1 0
96 12 1 0
99 12 1 0
102 12 1 0
105 12 1 0
108 12 1 0
111 12 1 0
114 12 1 0
117 12 1 0
120 12 1 0
123 12 1 0
126 12 1 0
129 12 1 0
132 12 1 0
135 12 1 0
138 12 1 0
141 12 1 0
144 12 1 0
147 12 1 0
150 12 1 0
153 12 1 0
156 12 1 0
159 12 1 0
162 12 1 0
165 12 1 0
168 12 1 0
171 12 1 0
174 12 1 0
177 12 1 0
180 12 1 0
183 12 1 0
186 12 1 0
189 12 1 0
192 12 1 0
195 12 1 0
198 12 1 0
201 12 1 0
204 12 0 1
204 15 0 1
204 18 -1 0
201 18 -1 0
198 18 -1 0
195 18 -1 0
192 18 -1 0
189 18 -1 0
186 18 -1 0
183 18 -1 0
180 18 -1 0
177 18 -1 0
174 18 -1 0
171 18 -1 0
168 18 -1 0
165 18 -1 0
162 18 -1 0
159 18 -1 0
156 18 -1 0
153 18 -1 0
150 18 -1 0
147 18 -1 0
144 18 -1 0
141 18 -1 0
138 18 -1 0
135 18 -1 0
132 18 -1 0
129 18 -1 0
126 18 -1 0
123 18 -1 0
120 18 -1 0
117 18 -1 0
114 18 -1 0
111 18 -1 0
108 18 -1 0
105 18 -1 0
102 18 -1 0
99 18 -1 0
96 18 -1 0
93 18 -1 0
90 18 -1 0
87 18 -1 0
84 18 -1 0
81 18 -1 0
78 18 -1 0
75 18 -1 0
72 18 -1 0
69 18 -1 0
66 18 -1 0
63 18 -1 0
60 18 -1 0
57 18 -1 0
54 18 -1 0
51 18 -1 0
48 18 -1 0
45 18 -1 0
42 18 -1 0
39 18 -1 0
36 18 -1 0
33 18 -1 0
30 18 -1 0
27 18 -1 0
24 18 -1 0
21 18 -1 0
18 18 -1 0
15 18 -1 0
12 18 -1 0
9 18 -1 0
6 18 -1 0
3 18 -1 0
0 18 0 1
0 21 0 1
0 24 1 0
3 24 1 0
6 24 1 0
9 24 1 0
12 24 1 0
15 24 1 0
18 24 1 0
21 24 1 0
24 24 1 0
27 24 1 0
30 24 1 0
33 24 1 0
36 24 1 0
39 24 1 0
42 24 1 0
45 24 1 0
48 24 1 0
51 24 1 0
54 24 1 0
57 24 1 0
60 24 1 0
63 24 1 0
66 24 1 0
69 24 1 0
72 24 1 0
75 24 1 0
78 24 1 0
81 24 1 0
84 24 1 0
87 24 1 0
90 24 1 0
93 24 1 0
96 24 1 0
99 24 1 0
102 24 1 0
105 24 1 0
108 24 1 0
111 24 1 0
114 24 1 0
117 24 1 0
120 24 1 0
123 24 1 0
126 24 1 0
129 24 1 0
132 24 1 0
135 24 1 0
138 24 1 0
141 24 1 0
144 24 1 0
147 24 1 0
150 24 1 0
153 24 1 0
156 24 1 0
159 24 1 0
162 24 1 0
165 24 1 0
168 24 1 0
171 24 1 0
174 24 1 0
177 24 1 0
180 24 1 0
183 24 1 0
186 24 1 0
189 24 1 0
192 24 1 0
195 24 1 0
198 24 1 0
201 24 1 0
204 24 0 1
204 27 0 1
204 30 -1 0
201 30 -1 0
198 30 -1 0
195 30 -1 0
192 30 -1 0
189 30 -1 0
186 30 -1 0
183 30 -1 0
180 30 -1 0
177 30 -1 0
174 30 -1 0
171 30 -1 0
168 30 -1 0
165 30 -1 0
162 30 -1 0
159 30 -1 0
156 30 -1 0
153 30 -1 0
150 30 -1 0
147 30 -1 0
144 30 -1 0
141 30 -1 0
138 30 -1 0
135 30 -1 0
132 30 -1 0
129 30 -1 0
126 30 -1 0
123 30 -1 0
120 30 -1 0
117 30 -1 0
114 30 -1 0
111 30 -1 0
108 30 -1 0
105 30 -1 0
102 30 -1 0
99 30 -1 0
96 30 -1 0
93 30 -1 0
90 30 -1 0
87 30 -1 0
84 30 -1 0
81 30 -1 0
78 30 -1 0
75 30 -1 0
72 30 -1 0
69 30 -1 0
66 30 -1 0
63 30 -1 0
60 30 -1 0
57 30 -1 0
54 30 -1 0
51 30 -1 0
48 30 -1 0
45 30 -1 0
42 30 -1 0
39 30 -1 0
36 30 -1 0
33 30 -1 0
30 30 -1 0
27 30 -1 0
24 30 -1 0
21 30 -1 0
18 30 -1 0
15 30 -1 0
12 30 -1 0
9 30 -1 0
6 30 -1 0
3 30 -1 0
0 30 0 1
0 33 0 1
0 36 1 0
3 36 1 0
6 36 1 0
9 36 1 0
12 36 1 0
15 36 1 0
18 36 1 0
21 36 1 0
24 36 1 0
27 36 1 0
30 36 1 0
33 36 1 0
36 36 1 0
39 36 1 0
42 36 1 0
45 36 1 0
48 36 1 0
51 36 1 0
54 36 1 0
57 36 1 0
60 36 1 0
63 36 1 0
66 36 1 0
69 36 1 0
72 36 1 0
75 36 1 0
78 36 1 0
81 36 1 0
84 36 1 0
87 36 1 0
90 36 1 0
93 36 1 0
96 36 1 0
99 36 1 0
102 36 1 0
105 36 1 0
108 36 1 0
111 36 1 0
114 36 1 0
117 36 1 0
120 36 1 0
123 36 1 0
126 36 1 0
129 36 1 0
132 36 1 0
135 36 1 0
138 36 1 0
141 36 1 0
144 36 1 0
147 36 1 0
150 36 1 0
153 36 1 0
156 36 1 0
159 36 1 0
162 36 1 0
165 36 1 0
168 36 1 0
171 36 1 0
174 36 1 0
177 36 1 0
180 36 1 0
183 36 1 0
186 36 1 0
189 36 1 0
192 36 1 0
195 36 1 0
198 36 1 0
201 36 1 0
204 36 0 1
204 39 0 1
204 42 -1 0
201 42 -1 0
198 42 -1 0
195 42 -1 0
192 42 -1 0
189 42 -1 0
186 42 -1 0
183 42 -1 0
180 42 -1 0
177 42 -1 0
174 42 -1 0
171 42 -1 0
168 42 -1 0
165 42 -1 0
162 42 -1 0
159 42 -1 0
156 42 -1 0
153 42 -1 0
150 42 -1 0
147 42 -1 0
144 42 -1 0
141 42 -1 0
138 42 -1 0
135 42 -1 0
132 42 -1 0
129 42 -1 0
126 42 -1 0
123 42 -1 0
120 42 -1 0
117 42 -1 0
114 42 -1 0
111 42 -1 0
108 42 -1 0
105 42 -1 0
102 42 -1 0
99 42 -1 0
96 42 -1 0
93 42 -1 0
90 42 -1 0
87 42 -1 0
84 42 -1 0
81 42 -1 0
78 42 -1 0
75 42 -1 0
72 42 -1 0
69 42 -1 0
66 42 -1 0
63 42 -1 0
60 42 -1 0
57 42 -1 0
54 42 -1 0
51 42 -1 0
48 42 -1 0
45 42 -1 0
42 42 -1 0
39 42 -1 0
36 42 -1 0
33 42 -1 0
30 42 -1 0
27 42 -1 0
24 42 -1 0
21 42 -1 0
18 42 -1 0
15 42 -1 0
12 42 -1 0
9 42 -1 0
6 42 -1 0
3 42 -1 0
0 42 0 1
0 45 0 1
0 48 1 0
3 48 1 0
6 48 1 0
9 48 1 0
12 48 1 0
15 48 1 0
18 48 1 0
21 48 1 0
24 48 1 0
27 48 1 0
30 48 1 0
33 48 1 0
36 48 1 0
39 48 1 0
42 48 1 0
45 48 1 0
48 48 1 0
51 48 1 0
54 48 1 0
57 48 1 0
60 48 1 0
63 48 1 0
66 48 1 0
69 48 1 0
72 48 1 0
75 48 1 0
78 48 1 0
81 48 1 0
84 48 1 0
87 48 1 0
90 48 1 0
93 48 1 0
96 48 1 0
99 48 1 0
102 48 1 0
105 48 1 0
108 48 1 0
111 48 1 0
114 48 1 0
117 48 1 0
120 48 1 0
123 48 1 0
126 48 1 0
129 48 1 0
132 48 1 0
135 48 1 0
138 48 1 0
141 48 1 0
144 48 1 0
147 48 1 0
150 48 1 0
153 48 1 0
156 48 1 0
159 48 1 0
162 48 1 0
165 48 1 0
168 48 1 0
171 48 1 0
174 48 1 0
177 48 1 0
180 48 1 0
183 48 1 0
186 48 1 0
189 48 1 0
192 48 1 0
195 48 1 0
198 48 1 0
201 48 1 0
204 48 0 1
204 51 0 1
204 54 -1 0
201 54 -1 0
198 54 -1 0
195 54 -1 0
192 54 -1 0
189 54 -1 0
186 54 -1 0
183 54 -1 0
180 54 -1 0
177 54 -1 0
174 54 -1 0
171 54 -1 0
168 54 -1 0
165 54 -1 0
162 54 -1 0
159 54 -1 0
156 54 -1 0
153 54 -1 0
150 54 -1 0
147 54 -1 0
144 54 -1 0
141 54 -1 0
138 54 -1 0
135 54 -1 0
132 54 -1 0
129 54 -1 0
126 54 -1 0
123 54 -1 0
120 54 -1 0
117 54 -1 0
114 54 -1 0
111 54 -1 0
108 54 -1 0
105 54 -1 0
102 54 -1 0
99 54 -1 0
96 54 -1 0
93 54 -1 0
90 54 -1 0
87 54 -1 0
84 54 -1 0
81 54 -1 0
78 54 -1 0
75 54 -1 0
72 54 -1 0
69 54 -1 0
66 54 -1 0
63 54 -1 0
60 54 -1 0
57 54 -1 0
54 54 -1 0
51 54 -1 0
48 54 -1 0
45 54 -1 0
42 54 -1 0
39 54 -1 0
36 54 -1 0
33 54 -1 0
30 54 -1 0
27 54 -1 0
24 54 -1 0
21 54 -1 0
18 54 -1 0
15 54 -1 0
12 54 -1 0
9 54 -1 0
6 54 -1 0
3 54 -1 0
0 54 0 1
0 57 0 1
0 60 1 0
3 60 1 0
6 60 1 0
9 60 1 0
12 60 1 0
15 60 1 0
18 60 1 0
21 60 1 0
24 60 1 0
27 60 1 0
30 60 1 0
33 60 1 0
36 60 1 0
39 60 1 0
42 60 1 0
45 60 1 0
48 60 1 0
51 60 1 0
54 60 1 0
57 60 1 0
60 60 1 0
63 60 1 0
66 60 1 0
69 60 1 0
72 60 1 0
75 60 1 0
78 60 1 0
81 60 1 0
84 60 1 0
87 60 1 0
90 60 1 0
93 60 1 0
96 60 1 0
99 60 1 0
102 60 1 0
105 60 1 0
108 60 1 0
111 60 1 0
114 60 1 0
117 60 1 0
120 60 1 0
123 60 1 0
126 60 1 0
129 60 1 0
132 60 1 0
135 60 1 0
138 60 1 0
141 60 1 0
144 60 1 0
147 60 1 0
150 60 1 0
153 60 1 0
156 60 1 0
159 60 1 0
162 60 1 0
165 60 1 0
168 60 1 0
171 60 1 0
174 60 1 0
177 60 1 0
180 60 1 0
183 60 1 0
186 60 1 0
189 60 1 0
192 60 1 0
195 60 1 0
198 60 1 0
201 60 1 0
204 60 0 1
204 63 0 1
204 66 -1 0
201 66 -1 0
198 66 -1 0
195 66 -1 0
192 66 -1 0
189 66 -1 0
186 66 -1 0
183 66 -1 0
180 66 -1 0
177 66 -1 0
174 66 -1 0
171 66 -1 0
168 66 -1 0
165 66 -1 0
162 66 -1 0
159 66 -1 0
156 66 -1 0
153 66 -1 0
150 66 -1 0
147 66 -1 0
144 66 -1 0
141 66 -1 0
138 66 -1 0
135 66 -1 0
132 66 -1 0
129 66 -1 0
126 66 -1 0
123 66 -1 0
120 66 -1 0
117 66 -1 0
114 66 -1 0
111 66 -1 0
108 66 -1 0
105 66 -1 0
102 66 -1 0
99 66 -1 0
96 66 -1 0
93 66 -1 0
90 66 -1 0
87 66 -1 0
84 66 -1 0
81 66 -1 0
78 66 -1 0
75 66 -1 0
72 66 -1 0
69 66 -1 0
66 66 -1 0
63 66 -1 0
60 66 -1 0
57 66 -1 0
54 66 -1 0
51 66 -1 0
48 66 -1 0
45 66 -1 0
42 66 -1 0
39 66 -1 0
36 66 -1 0
33 66 -1 0
30 66 -1 0
27 66 -1 0
24 66 -1 0
21 66 -1 0
18 66 -1 0
15 66 -1 0
12 66 -1 0
9 66 -1 0
6 66 -1 0
3 66 -1 0
0 66 0 1
0 69 0 1
0 72 1 0
3 72 1 0
6 72 1 0
9 72 1 0
12 72 1 0
15 72 1 0
18 72 1 0
21 72 1 0
24 72 1 0
27 72 1 0
30 72 1 0
33 72 1 0
36 72 1 0
39 72 1 0
42 72 1 0
45 72 1 0
48 72 1 0
51 72 1 0
54 72 1 0
57 72 1 0
60 72 1 0
63 72 1 0
66 72 1 0
69 72 1 0
72 72 1 0
75 72 1 0
78 72 1 0
81 72 1 0
84 72 1 0
87 72 1 0
90 72 1 0
93 72 1 0
96 72 1 0
99 72 1 0
102 72 1 0
105 72 1 0
108 72 1 0
111 72 1 0
114 72 1 0
117 72 1 0
120 72 1 0
123 72 1 0
126 72 1 0
129 72 1 0
132 72 1 0
135 72 1 0
138 72 1 0
141 72 1 0
144 72 1 0
147 72 1 0
150 72 1 0
153 72 1 0
156 72 1 0
159 72 1 0
162 72 1 0
165 72 1 0
168 72 1 0
171 72 1 0
174 72 1 0
177 72 1 0
180 72 1 0
183 72 1 0
186 72 1 0
189 72 1 0
192 72 1 0
195 72 1 0
198 72 1 0
201 72 1 0
204 72 0 1
204 75 0 1
204 78 -1 0
201 78 -1 0
198 78 -1 0
195 78 -1 0
192 78 -1 0
189 78 -1 0
186 78 -1 0
183 78 -1 0
180 78 -1 0
177 78 -1 0
174 78 -1 0
171 78 -1 0
168 78 -1 0
165 78 -1 0
162 78 -1 0
159 78 -1 0
156 78 -1 0
153 78 -1 0
150 78 -1 0
147 78 -1 0
144 78 -1 0
141 78 -1 0
138 78 -1 0
135 78 -1 0
132 78 -1 0
129 78 -1 0
126 78 -1 0
123 78 -1 0
120 78 -1 0
117 78 -1 0
114 78 -1 0
111 78 -1 0
108 78 -1 0
105 78 -1 0
102 78 -1 0
99 78 -1 0
96 78 -1 0
93 78 -1 0
90 78 -1 0
87 78 -1 0
84 78 -1 0
81 78 -1 0
78 78 -1 0
75 78 -1 0
72 78 -1 0
69 78 -1 0
66 78 -1 0
63 78 -1 0
60 78 -1 0
57 78 -1 0
54 78 -1 0
51 78 -1 0
48 78 -1 0
45 78 -1 0
42 78 -1 0
39 78 -1 0
36 78 -1 0
33 78 -1 0
30 78 -1 0
27 78 -1 0
24 78 -1 0
21 78 -1 0
18 78 -1 0
15 78 -1 0
12 78 -1 0
9 78 -1 0
6 78 -1 0
3 78 -1 0
0 78 0 1
0 81 0 1
0 84 1 0
3 84 1 0
6 84 1 0
9 84 1 0
12 84 1 0
15 84 1 0
18 84 1 0
21 84 1 0
24 84 1 0
27 84 1 0
30 84 1 0
33 84 1 0
36 84 1 0
39 84 1 0
42 84 1 0
45 84 1 0
48 84 1 0
51 84 1 0
54 84 1 0
57 84 1 0
60 84 1 0
63 84 1 0
66 84 1 0
69 84 1 0
72 84 1 0
75 84 1 0
78 84 1 0
81 84 1 0
84 84 1 0
87 84 1 0
90 84 1 0
93 84 1 0
96 84 1 0
99 84 1 0
102 84 1 0
105 84 1 0
108 84 1 0
111 84 1 0
114 84 1 0
117 84 1 0
120 84 1 0
123 84 1 0
126 84 1 0
129 84 1 0
132 84 1 0
135 84 1 0
138 84 1 0
141 84 1 0
144 84 1 0
147 84 1 0
150 84 1 0
153 84 1 0
156 84 1 0
159 84 1 0
162 84 1 0
165 84 1 0
168 84 1 0
171 84 1 0
174 84 1 0
177 84 1 0
180 84 1 0
183 84 1 0
186 84 1 0
189 84 1 0
192 84 1 0
195 84 1 0
198 84 1 0
201 84 1 0
204 84 0 1
204 87 0 1
204 90 -1 0
201 90 -1 0
198 90 -1 0
195 90 -1 0
192 90 -1 0
189 90 -1 0
186 90 -1 0
183 90 -1 0
180 90 -1 0
177 90 -1 0
174 90 -1 0
171 90 -1 0
168 90 -1 0
165 90 -1 0
162 90 -1 0
159 90 -1 0
156 90 -1 0
153 90 -1 0
150 90 -1 0
147 90 -1 0
144 90 -1 0
141 90 -1 0
138 90 -1 0
135 90 -1 0
132 90 -1 0
129 90 -1 0
126 90 -1 0
123 90 -1 0
120 90 -1 0
117 90 -1 0
114 90 -1 0
111 90 -1 0
108 90 -1 0
105 90 -1 0
102 90 -1 0
99 90 -1 0
96 90 -1 0
93 90 -1 0
90 90 -1 0
87 90 -1 0
84 90 -1 0
81 90 -1 0
78 90 -1 0
75 90 -1 0
72 90 -1 0
69 90 -1 0
66 90 -1 0
63 90 -1 0
60 90 -1 0
57 90 -1 0
54 90 -1 0
51 90 -1 0
48 90 -1 0
45 90 -1 0
42 90 -1 0
39 90 -1 0
36 90 -1 0
33 90 -1 0
30 90 -1 0
27 90 -1 0
24 90 -1 0
21 90 -1 0
18 90 -1 0
15 90 -1 0
12 90 -1 0
9 90 -1 0
6 90 -1 0
3 90 -1 0
0 90 0 1
0 93 0 1
0 96 1 0
3 96 1 0
6 96 1 0
9 96 1 0
12 96 1 0
15 96 1 0
18 96 1 0
21 96 1 0
24 96 1 0
27 96 1 0
30 96 1 0
33 96 1 0
36 96 1 0
39 96 1 0
42 96 1 0
45 96 1 0
48 96 1 0
51 96 1 0
54 96 1 0
57 96 1 0
60 96 1 0
63 96 1 0
66 96 1 0
69 96 1 0
72 96 1 0
75 96 1 0
78 96 1 0
81 96 1 0
84 96 1 0
87 96 1 0
90 96 1 0
93 96 1 0
96 96 1 0
99 96 1 0
102 96 1 0
105 96 1 0
108 96 1 0
111 96 1 0
114 96 1 0
117 96 1 0
120 96 1 0
123 96 1 0
126 96 1 0
129 96 1 0
132 96 1 0
135 96 1 0
138 96 1 0
141 96 1 0
144 96 1 0
147 96 1 0
150 96 1 0
153 96 1 0
156 96 1 0
159 96 1 0
162 96 1 0
165 96 1 0
168 96 1 0
171 96 1 0
174 96 1 0
177 96 1 0
180 96 1 0
183 96 1 0
186 96 1 0
189 96 1 0
192 96 1 0
195 96 1 0
198 96 1 0
201 96 1 0
204 96 0 1
204 99 0 1
204 102 -1 0
201 102 -1 0
198 102 -1 0
195 102 -1 0
192 102 -1 0
189 102 -1 0
186 102 -1 0
183 102 -1 0
180 102 -1 0
177 102 -1 0
174 102 -1 0
171 102 -1 0
168 102 -1 0
165 102 -1 0
162 102 -1 0
159 102 -1 0
156 102 -1 0
153 102 -1 0
150 102 -1 0
147 102 -1 0
144 102 -1 0
141 102 -1 0
138 102 -1 0
135 102 -1 0
132 102 -1 0
129 102 -1 0
126 102 -1 0
123 102 -1 0
120 102 -1 0
117 102 -1 0
114 102 -1 0
111 102 -1 0
108 102 -1 0
105 102 -1 0
102 102 -1 0
99 102 -1 0
96 102 -1 0
93 102 -1 0
90 102 -1 0
87 102 -1 0
84 102 -1 0
81 102 -1 0
78 102 -1 0
75 102 -1 0
72 102 -1 0
69 102 -1 0
66 102 -1 0
63 102 -1 0
60 102 -1 0
57 102 -1 0
54 102 -1 0
51 102 -1 0
48 102 -1 0
45 102 -1 0
42 102 -1 0
39 102 -1 0
36 102 -1 0
33 102 -1 0
30 102 -1 0
27 102 -1 0
24 102 -1 0
21 102 -1 0
18 102 -1 0
15 102 -1 0
12 102 -1 0
9 102 -1 0
6 102 -1 0
3 102 -1 0
0 102 0 1
0 105 0 1
0 108 1 0
3 108 1 0
6 108 1 0
9 108 1 0
12 108 1 0
15 108 1 0
18 108 1 0
21 108 1 0
24 108 1 0
27 108 1 0
30 108 1 0
33 108 1 0
36 108 1 0
39 108 1 0
42 108 1 0
45 108 1 0
48 108 1 0
51 108 1 0
54 108 1 0
57 108 1 0
60 108 1 0
63 108 1 0
66 108 1 0
69 108 1 0
72 108 1 0
75 108 1 0
78 108 1 0
81 108 1 0
84 108 1 0
87 108 1 0
90 108 1 0
93 108 1 0
96 108 1 0
99 108 1 0
102 108 1 0
105 108 1 0
108 108 1 0
111 108 1 0
114 108 1 0
117 108 1 0
120 108 1 0
123 108 1 0
126 108 1 0
129 108 1 0
132 108 1 0
135 108 1 0
138 108 1 0
141 108 1 0
144 108 1 0
147 108 1 0
150 108 1 0
153 108 1 0
156 108 1 0
159 108 1 0
162 108 1 0
165 108 1 0
168 108 1 0
171 108 1 0
174 108 1 0
177 108 1 0
180 108 1 0
183 108 1 0
186 108 1 0
189 108 1 0
192 108 1 0
195 108 1 0
198 108 1 0
201 108 1 0
204 108 0 1
204 111 0 1
204 114 -1 0
201 114 -1 0
198 114 -1 0
195 114 -1 0
192 114 -1 0
189 114 -1 0
186 114 -1 0
183 114 -1 0
180 114 -1 0
177 114 -1 0
174 114 -1 0
171 114 -1 0
168 114 -1 0
165 114 -1 0
162 114 -1 0
159 114 -1 0
156 114 -1 0
153 114 -1 0
150 114 -1 0
147 114 -1 0
144 114 -1 0
141 114 -1 0
138 114 -1 0
135 114 -1 0
132 114 -1 0
129 114 -1 0
126 114 -1 0
123 114 -1 0
120 114 -1 0
117 114 -1 0
114 114 -1 0
111 114 -1 0
108 114 -1 0
105 114 -1 0
102 114 -1 0
99 114 -1 0
96 114 -1 0
93 114 -1 0
90 114 -1 0
87 114 -1 0
84 114 -1 0
81 114 -1 0
78 114 -1 0
75 114 -1 0
72 114 -1 0
69 114 -1 0
66 114 -1 0
63 114 -1 0
60 114 -1 0
57 114 -1 0
54 114 -1 0
51 114 -1 0
48 114 -1 0
45 114 -1 0
42 114 -1 0
39 114 -1 0
36 114 -1 0
33 114 -1 0
30 114 -1 0
27 114 -1 0
24 114 -1 0
21 114 -1 0
18 114 -1 0
15 114 -1 0
12 114 -1 0
9 114 -1 0
6 114 -1 0
3 114 -1 0
0 114 0 1
0 117 0 1
0 120 1 0
3 120 1 0
6 120 1 0
9 120 1 0
12 120 1 0
15 120 1 0
18 120 1 0
21 120 1 0
24 120 1 0
27 120 1 0
30 120 1 0
33 120 1 0
36 120 1 0
39 120 1 0
42 120 1 0
45 120 1 0
48 120 1 0
51 120 1 0
54 120 1 0
57 120 1 0
60 120 1 0
63 120 1 0
66 120 1 0
69 120 1 0
72 120 1 0
75 120 1 0
78 120 1 0
81 120 1 0
84 120 1 0
87 120 1 0
90 120 1 0
93 120 1 0
96 120 1 0
99 120 1 0
102 120 1 0
105 120 1 0
108 120 1 0
111 120 1 0
114 120 1 0
117 120 1 0
120 120 1 0
123 120 1 0
126 120 1 0
129 120 1 0
132 120 1 0
135 120 1 0
138 120 1 0
141 120 1 0
144 120 1 0
147 120 1 0
150 120 1 0
153 120 1 0
156 120 1 0
159 120 1 0
162 120 1 0
165 120 1 0
168 120 1 0
171 120 1 0
174 120 1 0
177 120 1 0
180 120 1 0
183 120 1 0
186 120 1 0
189 120 1 0
192 120 1 0
195 120 1 0
198 120 1 0
201 120 1 0
204 120 0 1
204 123 0 1
204 126 -1 0
201 126 -1 0
198 126 -1 0
195 126 -1 0
192 126 -1 0
189 126 -1 0
186 126 -1 0
183 126 -1 0
180 126 -1 0
177 126 -1 0
174 126 -1 0
171 126 -1 0
168 126 -1 0
165 126 -1 0
162 126 -1 0
159 126 -1 0
156 126 -1 0
153 126 -1 0
150 126 -1 0
147 126 -1 0
144 126 -1 0
141 126 -1 0
138 126 -1 0
135 126 -1 0
132 126 -1 0
129 126 -1 0
126 126 -1 0
123 126 -1 0
120 126 -1 0
117 126 -1 0
114 126 -1 0
111 126 -1 0
108 126 -1 0
105 126 -1 0
102 126 -1 0
99 126 -1 0
96 126 -1 0
93 126 -1 0
90 126 -1 0
87 126 -1 0
84 126 -1 0
81 126 -1 0
78 126 -1 0
75 126 -1 0
72 126 -1 0
69 126 -1 0
66 126 -1 0
63 126 -1 0
60 126 -1 0
57 126 -1 0
54 126 -1 0
51 126 -1 0
48 126 -1 0
45 126 -1 0
42 126 -1 0
39 126 -1 0
36 126 -1 0
33 126 -1 0
30 126 -1 0
27 126 -1 0
24 126 -1 0
21 126 -1 0
18 126 -1 0
15 126 -1 0
12 126 -1 0
9 126 -1 0
6 126 -1 0
3 126 -1 0
0 126 0 1
0 129 0 1
0 132 1 0
3 132 1 0
6 132 1 0
9 132 1 0
12 132 1 0
15 132 1 0
18 132 1 0
21 132 1 0
24 132 1 0
27 132 1 0
30 132 1 0
33 132 1 0
36 132 1 0
39 132 1 0
42 132 1 0
45 132 1 0
48 132 1 0
51 132 1 0
54 132 1 0
57 132 1 0
60 132 1 0
63 132 1 0
66 132 1 0
69 132 1 0
72 132 1 0
75 132 1 0
78 132 1 0
81 132 1 0
84 132 1 0
87 132 1 0
90 132 1 0
93 132 1 0
96 132 1 0
99 132 1 0
102 132 1 0
105 132 1 0
108 132 1 0
111 132 1 0
114 132 1 0
117 132 1 0
120 132 1 0
123 132 1 0
126 132 1 0
129 132 1 0
132 132 1 0
135 132 1 0
138 132 1 0
141 132 1 0
144 132 1 0
147 132 1 0
150 132 1 0
153 132 1 0
156 132 1 0
159 132 1 0
162 132 1 0
165 132 1 0
168 132 1 0
171 132 1 0
174 132 1 0
177 132 1 0
180 132 1 0
183 132 1 0
186 132 1 0
189 132 1 0
192 132 1 0
195 132 1 0
198 132 1 0
201 132 1 0
204 132 0 1
204 135 0 1
204 138 -1 0
201 138 -1 0
198 138 -1 0
195 138 -1 0
192 138 -1 0
189 138 -1 0
186 138 -1 0
183 138 -1 0
180 138 -1 0
177 138 -1 0
174 138 -1 0
171 138 -1 0
168 138 -1 0
165 138 -1 0
162 138 -1 0
159 138 -1 0
156 138 -1 0
153 138 -1 0
150 138 -1 0
147 138 -1 0
144 138 -1 0
141 138 -1 0
138 138 -1 0
135 138 -1 0
132 138 -1 0
129 138 -1 0
126 138 -1 0
123 138 -1 0
120 138 -1 0
117 138 -1 0
114 138 -1 0
111 138 -1 0
108 138 -1 0
105 138 -1 0
102 138 -1 0
99 138 -1 0
96 138 -1 0
93 138 -1 0
90 138 -1 0
87 138 -1 0
84 138 -1 0
81 138 -1 0
78 138 -1 0
75 138 -1 0
72 138 -1 0
69 138 -1 0
66 138 -1 0
63 138 -1 0
60 138 -1 0
57 138 -1 0
54 138 -1 0
51 138 -1 0
48 138 -1 0
45 138 -1 0
42 138 -1 0
39 138 -1 0
36 138 -1 0
33 138 -1 0
30 138 -1 0
27 138 -1 0
24 138 -1 0
21 138 -1 0
18 138 -1 0
15 138 -1 0
12 138 -1 0
9 138 -1 0
6 138 -1 0
3 138 -1 0
0 138 0 1
0 141 0 1
0 144 1 0
3 144 1 0
6 144 1 0
9 144 1 0
12 144 1 0
15 144 1 0
18 144 1 0
21 144 1 0
24 144 1 0
27 144 1 0
30 144 1 0
33 144 1 0
36 144 1 0
39 144 1 0
42 144 1 0
45 144 1 0
48 144 1 0
51 144 1 0
54 144 1 0
57 144 1 0
60 144 1 0
63 144 1 0
66 144 1 0
69 144 1 0
72 144 1 0
75 144 1 0
78 144 1 0
81 144 1 0
84 144 1 0
87 144 1 0
90 144 1 0
93 144 1 0
96 144 1 0
99 144 1 0
102 144 1 0
105 144 1 0
108 144 1 0
111 144 1 0
114 144 1 0
117 144 1 0
120 144 1 0
123 144 1 0
126 144 1 0
129 144 1 0
132 144 1 0
135 144 1 0
138 144 1 0
141 144 1 0
144 144 1 0
147 144 1 0
150 144 1 0
153 144 1 0
156 144 1 0
159 144 1 0
162 144 1 0
165 144 1 0
168 144 1 0
171 144 1 0
174 144 1 0
177 144 1 0
180 144 1 0
183 144 1 0
186 144 1 0
189 144 1 0
192 144 1 0
195 144 1 0
198 144 1 0
201 144 1 0
204 144 0 1
204 147 0 1
204 150 -1 0
201 150 -1 0
198 150 -1 0
195 150 -1 0
192 150 -1 0
189 150 -1 0
186 150 -1 0
183 150 -1 0
180 150 -1 0
177 150 -1 0
174 150 -1 0
171 150 -1 0
168 150 -1 0
165 150 -1 0
162 150 -1 0
159 150 -1 0
156 150 -1 0
153 150 -1 0
150 150 -1 0
147 150 -1 0
144 150 -1 0
141 150 -1 0
138 150 -1 0
135 150 -1 0
132 150 -1 0
129 150 -1 0
126 150 -1 0
123 150 -1 0
120 150 -1 0
117 150 -1 0
114 150 -1 0
111 150 -1 0
108 150 -1 0
105 150 -1 0
102 150 -1 0
99 150 -1 0
96 150 -1 0
93 150 -1 0
90 150 -1 0
87 150 -1 0
84 150 -1 0
81 150 -1 0
78 150 -1 0
75 150 -1 0
72 150 -1 0
69 150 -1 0
66 150 -1 0
63 150 -1 0
60 150 -1 0
57 150 -1 0
54 150 -1 0
51 150 -1 0
48 150 -1 0
45 150 -1 0
42 150 -1 0
39 150 -1 0
36 150 -1 0
33 150 -1 0
30 150 -1 0
27 150 -1 0
24 150 -1 0
21 150 -1 0
18 150 -1 0
15 150 -1 0
12 150 -1 0
9 150 -1 0
6 150 -1 0
3 150 -1 0
0 150 0 1
0 153 0 1
0 156 1 0
3 156 1 0
6 156 1 0
9 156 1 0
12 156 1 0
15 156 1 0
18 156 1 0
21 156 1 0
24 156 1 0
27 156 1 0
30 156 1 0
33 156 1 0
36 156 1 0
39 156 1 0
42 156 1 0
45 156 1 0
48 156 1 0
51 156 1 0
54 156 1 0
57 156 1 0
60 156 1 0
63 156 1 0
66 156 1 0
69 156 1 0
72 156 1 0
75 156 1 0
78 156 1 0
81 156 1 0
84 156 1 0
87 156 1 0
90 156 1 0
93 156 1 0
96 156 1 0
99 156 1 0
102 156 1 0
105 156 1 0
108 156 1 0
111 156 1 0
114 156 1 0
117 156 1 0
120 156 1 0
123 156 1 0
126 156 1 0
129 156 1 0
132 156 1 0
135 156 1 0
138 156 1 0
141 156 1 0
144 156 1 0
147 156 1 0
150 156 1 0
153 156 1 0
156 156 1 0
159 156 1 0
162 156 1 0
165 156 1 0
168 156 1 0
171 156 1 0
174 156 1 0
177 156 1 0
180 156 1 0
183 156 1 0
186 156 1 0
189 156 1 0
192 156 1 0
195 156 1 0
198 156 1 0
201 156 1 0
204 156 0 1
204 159 0 1
204 162 -1 0
201 162 -1 0
198 162 -1 0
195 162 -1 0
192 162 -1 0
189 162 -1 0
186 162 -1 0
183 162 -1 0
180 162 -1 0
177 162 -1 0
174 162 -1 0
171 162 -1 0
168 162 -1 0
165 162 -1 0
162 162 -1 0
159 162 -1 0
156 162 -1 0
153 162 -1 0
150 162 -1 0
147 162 -1 0
144 162 -1 0
141 162 -1 0
138 162 -1 0
135 162 -1 0
132 162 -1 0
129 162 -1 0
126 162 -1 0
123 162 -1 0
120 162 -1 0
117 162 -1 0
114 162 -1 0
111 162 -1 0
108 162 -1 0
105 162 -1 0
102 162 -1 0
99 162 -1 0
96 162 -1 0
93 162 -1 0
90 162 -1 0
87 162 -1 0
84 162 -1 0
81 162 -1 0
78 162 -1 0
75 162 -1 0
72 162 -1 0
69 162 -1 0
66 162 -1 0
63 162 -1 0
60 162 -1 0
57 162 -1 0
54 162 -1 0
51 162 -1 0
48 162 -1 0
45 162 -1 0
42 162 -1 0
39 162 -1 0
36 162 -1 0
33 162 -1 0
30 162 -1 0
27 162 -1 0
24 162 -1 0
21 162 -1 0
18 162 -1 0
15 162 -1 0
12 162 -1 0
9 162 -1 0
6 162 -1 0
3 162 -1 0
0 162 0 1
0 165 0 1
0 168 1 0
3 168 1 0
6 168 1 0
9 168 1 0
12 168 1 0
15 168 1 0
18 168 1 0
21 168 1 0
24 168 1 0
27 168 1 0
30 168 1 0
33 168 1 0
36 168 1 0
39 168 1 0
42 168 1 0
45 168 1 0
48 168 1 0
51 168 1 0
54 168 1 0
57 168 1 0
60 168 1 0
63 168 1 0
66 168 1 0
69 168 1 0
72 168 1 0
75 168 1 0
78 168 1 0
81 168 1 0
84 168 1 0
87 168 1 0
90 168 1 0
93 168 1 0
96 168 1 0
99 168 1 0
102 168 1 0
105 168 1 0
108 168 1 0
111 168 1 0
114 168 1 0
117 168 1 0
120 168 1 0
123 168 1 0
126 168 1 0
129 168 1 0
132 168 1 0
135 168 1 0
138 168 1 0
141 168 1 0
144 168 1 0
147 168 1 0
150 168 1 0
153 168 1 0
156 168 1 0
159 168 1 0
162 168 1 0
165 168 1 0
168 168 1 0
171 168 1 0
174 168 1 0
177 168 1 0
180 168 1 0
183 168 1 0
186 168 1 0
189 168 1 0
192 168 1 0
195 168 1 0
198 168 1 0
201 168 1 0
204 168 0 1
204 171 0 1
204 174 -1 0
201 174 -1 0
198 174 -1 0
195 174 -1 0
192 174 -1 0
189 174 -1 0
186 174 -1 0
183 174 -1 0
180 174 -1 0
177 174 -1 0
174 174 -1 0
171 174 -1 0
168 174 -1 0
165 174 -1 0
162 174 -1 0
159 174 -1 0
156 174 -1 0
153 174 -1 0
150 174 -1 0
147 174 -1 0
144 174 -1 0
141 174 -1 0
138 174 -1 0
135 174 -1 0
132 174 -1 0
129 174 -1 0
126 174 -1 0
123 174 -1 0
120 174 -1 0
117 174 -1 0
114 174 -1 0
111 174 -1 0
108 174 -1 0
105 174 -1 0
102 174 -1 0
99 174 -1 0
96 174 -1 0
93 174 -1 0
90 174 -1 0
87 174 -1 0
84 174 -1 0
81 174 -1 0
78 174 -1 0
75 174 -1 0
72 174 -1 0
69 174 -1 0
66 174 -1 0
63 174 -1 0
60 174 -1 0
57 174 -1 0
54 174 -1 0
51 174 -1 0
48 174 -1 0
45 174 -1 0
42 174 -1 0
39 174 -1 0
36 174 -1 0
33 174 -1 0
30 174 -1 0
27 174 -1 0
24 174 -1 0
21 174 -1 0
18 174 -1 0
15 174 -1 0
12 174 -1 0
9 174 -1 0
6 174 -1 0
3 174 -1 0
0 174 0 1
0 177 0 1
0 180 1 0
3 180 1 0
6 180 1 0
9 180 1 0
12 180 1 0
15 180 1 0
18 180 1 0
21 180 1 0
24 180 1 0
27 180 1 0
30 180 1 0
33 180 1 0
36 180 1 0
39 180 1 0
42 180 1 0
45 180 1 0
48 180 1 0
51 180 1 0
54 180 1 0
57 180 1 0
60 180 1 0
63 180 1 0
66 180 1 0
69 180 1 0
72 180 1 0
75 180 1 0
78 180 1 0
81 180 1 0
84 180 1 0
87 180 1 0
90 180 1 0
93 180 1 0
96 180 1 0
99 180 1 0
102 180 1 0
105 180 1 0
108 180 1 0
111 180 1 0
114 180 1 0
117 180 1 0
120 180 1 0
123 180 1 0
126 180 1 0
129 180 1 0
132 180 1 0
135 180 1 0
138 180 1 0
141 180 1 0
144 180 1 0
147 180 1 0
150 180 1 0
153 180 1 0
156 180 1 0
159 180 1 0
162 180 1 0
165 180 1 0
168 180 1 0
171 180 1 0
174 180 1 0
177 180 1 0
180 180 1 0
183 180 1 0
186 180 1 0
189 180 1 0
192 180 1 0
195 180 1 0
198 180 1 0
201 180 1 0
204 180 0 1
204 183 0 1
204 186 -1 0
201 186 -1 0
198 186 -1 0
195 186 -1 0
192 186 -1 0
189 186 -1 0
186 186 -1 0
183 186 -1 0
180 186 -1 0
177 186 -1 0
174 186 -1 0
171 186 -1 0
168 186 -1 0
165 186 -1 0
162 186 -1 0
159 186 -1 0
156 186 -1 0
153 186 -1 0
150 186 -1 0
147 186 -1 0
144 186 -1 0
141 186 -1 0
138 186 -1 0
135 186 -1 0
132 186 -1 0
129 186 -1 0
126 186 -1 0
123 186 -1 0
120 186 -1 0
117 186 -1 0
114 186 -1 0
111 186 -1 0
108 186 -1 0
105 186 -1 0
102 186 -1 0
99 186 -1 0
96 186 -1 0
93 186 -1 0
90 186 -1 0
87 186 -1 0
84 186 -1 0
81 186 -1 0
78 186 -1 0
75 186 -1 0
72 186 -1 0
69 186 -1 0
66 186 -1 0
63 186 -1 0
60 186 -1 0
57 186 -1 0
54 186 -1 0
51 186 -1 0
48 186 -1 0
45 186 -1 0
42 186 -1 0
39 186 -1 0
36 186 -1 0
33 186 -1 0
30 186 -1 0
27 186 -1 0
24 186 -1 0
21 186 -1 0
18 186 -1 0
15 186 -1 0
12 186 -1 0
9 186 -1 0
6 186 -1 0
3 186 -1 0
0 186 0 1
0 189 0 1
0 192 1 0
3 192 1 0
6 192 1 0
9 192 1 0
12 192 1 0
15 192 1 0
18 192 1 0
21 192 1 0
24 192 1 0
27 192 1 0
30 192 1 0
33 192 1 0
36 192 1 0
39 192 1 0
42 192 1 0
45 192 1 0
48 192 1 0
51 192 1 0
54 192 1 0
57 192 1 0
60 192 1 0
63 192 1 0
66 192 1 0
69 192 1 0
72 192 1 0
75 192 1 0
78 192 1 0
81 192 1 0
84 192 1 0
87 192 1 0
90 192 1 0
93 192 1 0
96 192 1 0
99 192 1 0
102 192 1 0
105 192 1 0
108 192 1 0
111 192 1 0
114 192 1 0
117 192 1 0
120 192 1 0
123 192 1 0
126 192 1 0
129 192 1 0
132 192 1 0
135 192 1 0
138 192 1 0
141 192 1 0
144 192 1 0
147 192 1 0
150 192 1 0
153 192 1 0
156 192 1 0
159 192 1 0
162 192 1 0
165 192 1 0
168 192 1 0
171 192 1 0
174 192 1 0
177 192 1 0
180 192 1 0
183 192 1 0
186 192 1 0
189 192 1 0
192 192 1 0
195 192 1 0
198 192 1 0
201 192 1 0
204 192 0 1
204 195 0 1
204 198 -1 0
201 198 -1 0
198 198 -1 0
195 198 -1 0
192 198 -1 0
189 198 -1 0
186 198 -1 0
183 198 -1 0
180 198 -1 0
177 198 -1 0
174 198 -1 0
171 198 -1 0
168 198 -1 0
165 198 -1 0
162 198 -1 0
159 198 -1 0
156 198 -1 0
153 198 -1 0
150 198 -1 0
147 198 -1 0
144 198 -1 0
141 198 -1 0
138 198 -1 0
135 198 -1 0
132 198 -1 0
129 198 -1 0
126 198 -1 0
123 198 -1 0
120 198 -1 0
117 198 -1 0
114 198 -1 0
111 198 -1 0
108 198 -1 0
105 198 -1 0
102 198 -1 0
99 198 -1 0
96 198 -1 0
93 198 -1 0
90 198 -1 0
87 198 -1 0
84 198 -1 0
81 198 -1 0
78 198 -1 0
75 198 -1 0
72 198 -1 0
69 198 -1 0
66 198 -1 0
63 198 -1 0
60 198 -1 0
57 198 -1 0
54 198 -1 0
51 198 -1 0
48 198 -1 0
45 198 -1 0
42 198 -1 0
39 198 -1 0
36 198 -1 0
33 198 -1 0
30 198 -1 0
27 198 -1 0
24 198 -1 0
21 198 -1 0
18 198 -1 0
15 198 -1 0
12 198 -1 0
9 198 -1 0
6 198 -1 0
3 198 -1 0
0 198 0 1
0 201 0 1
0 204 1 0
3 204 1 0
6 204 1 0
9 204 1 0
12 204 1 0
15 204 1 0
18 204 1 0
21 204 1 0
24 204 1 0
27 204 1 0
30 204 1 0
33 204 1 0
36 204 1 0
39 204 1 0
42 204 1 0
45 204 1 0
48 204 1 0
51 204 1 0
54 204 1 0
57 204 1 0
60 204 1 0
63 204 1 0
66 204 1 0
69 204 1 0
72 204 1 0
75 204 1 0
78 204 1 0
81 204 1 0
84 204 1 0
87 204 1 0
90 204 1 0
93 204 1 0
96 204 1 0
99 204 1 0
102 204 1 0
105 204 1 0
108 204 1 0
111 204 1 0
114 204 1 0
117 204 1 0
120 204 1 0
123 204 1 0
126 204 1 0
129 204 1 0
132 204 1 0
135 204 1 0
138 204 1 0
141 204 1 0
144 204 1 0
147 204 1 0
150 204 1 0
153 204 1 0
156 204 1 0
159 204 1 0
162 204 1 0
165 204 1 0
168 204 1 0
171 204 1 0
174 204 1 0
177 204 1 0
180 204 1 0
183 204 1 0
186 204 1 0
189 204 1 0
192 204 1 0
195 204 1 0
198 204 1 0
201 204 1 0
